<?xml version="1.0" encoding="UTF-8"?>
<!-- Generated by org.testng.reporters.JUnitXMLReporter -->
<testsuite ignored="0" hostname="LAPTOP-KSKTEMO2" failures="0" tests="8" name="Default test" time="17.205" errors="0" timestamp="2025-07-16T20:44:06 IST">
  <testcase classname="Project1_Telecom.addUser_1Post" name="addUser" time="5.244"/>
  <testcase classname="Project1_Telecom.update_3Patch" name="updateUser" time="1.551"/>
  <testcase classname="Project1_Telecom.login_4POST" name="loginUser" time="1.644"/>
  <testcase classname="Project1_Telecom.addContact_5POST" name="addContact" time="2.052"/>
  <testcase classname="Project1_Telecom.contact_7GET" name="getSingleContact" time="1.502"/>
  <testcase classname="Project1_Telecom.update_8PUT" name="updateFullContact" time="1.737"/>
  <testcase classname="Project1_Telecom.update_9PATCH" name="updatePartialContact" time="1.84"/>
  <testcase classname="Project1_Telecom.logoutuser_10POST" name="logoutUser" time="1.536"/>
</testsuite> <!-- Default test -->
