<?xml version="1.0" encoding="UTF-8"?>
<!-- Generated by org.testng.reporters.JUnitXMLReporter -->
<testsuite ignored="0" hostname="LAPTOP-KSKTEMO2" failures="0" tests="10" name="API_Tests" time="21.439" errors="0" timestamp="2025-07-16T20:50:59 IST">
  <testcase classname="Project1_Telecom.addUser_1Post" name="addUser" time="5.655"/>
  <testcase classname="Project1_Telecom.getUserProfile_2Get" name="getUserProfile" time="1.563"/>
  <testcase classname="Project1_Telecom.update_3Patch" name="updateUser" time="2.258"/>
  <testcase classname="Project1_Telecom.login_4POST" name="loginUser" time="1.745"/>
  <testcase classname="Project1_Telecom.addContact_5POST" name="addContact" time="1.753"/>
  <testcase classname="Project1_Telecom.contactList_6GET" name="getContactList" time="1.9"/>
  <testcase classname="Project1_Telecom.contact_7GET" name="getSingleContact" time="1.529"/>
  <testcase classname="Project1_Telecom.update_8PUT" name="updateFullContact" time="1.633"/>
  <testcase classname="Project1_Telecom.update_9PATCH" name="updatePartialContact" time="1.646"/>
  <testcase classname="Project1_Telecom.logoutuser_10POST" name="logoutUser" time="1.641"/>
</testsuite> <!-- API_Tests -->
