<?xml version="1.0" encoding="UTF-8"?>
<!-- Generated by org.testng.reporters.JUnitXMLReporter -->
<testsuite ignored="0" hostname="LAPTOP-KSKTEMO2" failures="0" tests="5" name="LoginTests" time="88.953" errors="0" timestamp="2025-07-17T20:43:25 IST">
  <testcase classname="tests.OrangeHRM_LoginTest" name="loginLogoutTest" time="8.958"/>
  <testcase classname="tests.OrangeHRM_LoginTest" name="loginLogoutTest" time="5.613"/>
  <testcase classname="tests.OrangeHRM_LoginTest" name="loginLogoutTest" time="6.759"/>
  <testcase classname="tests.OrangeHRM_LoginTest" name="loginLogoutTest" time="8.639"/>
  <testcase classname="tests.OrangeHRM_LoginTest" name="loginLogoutTest" time="8.078"/>
</testsuite> <!-- LoginTests -->
