<?xml version="1.0" encoding="UTF-8"?>
<testng-results ignored="0" total="5" passed="5" failed="0" skipped="0">
  <reporter-output>
  </reporter-output>
  <suite started-at="2025-07-17T20:41:56 IST" name="OrangeHRM1 Suite" finished-at="2025-07-17T20:43:25 IST" duration-ms="88953">
    <groups>
    </groups>
    <test started-at="2025-07-17T20:41:56 IST" name="LoginTests" finished-at="2025-07-17T20:43:25 IST" duration-ms="88953">
      <class name="tests.OrangeHRM_LoginTest">
        <test-method is-config="true" signature="setUp()[pri:0, instance:tests.OrangeHRM_LoginTest@54e041a4]" started-at="2025-07-17T20:41:57 IST" name="setUp" finished-at="2025-07-17T20:42:10 IST" duration-ms="12381" status="PASS">
          <reporter-output>
          </reporter-output>
        </test-method> <!-- setUp -->
        <test-method signature="loginLogoutTest(java.lang.String,java.lang.String)[pri:0, instance:tests.OrangeHRM_LoginTest@54e041a4]" started-at="2025-07-17T20:42:10 IST" name="loginLogoutTest" data-provider="loginData" finished-at="2025-07-17T20:42:19 IST" duration-ms="8958" status="PASS">
          <params>
            <param index="0">
              <value>
                <![CDATA[Admin]]>
              </value>
            </param>
            <param index="1">
              <value>
                <![CDATA[admin123]]>
              </value>
            </param>
          </params>
          <reporter-output>
          </reporter-output>
        </test-method> <!-- loginLogoutTest -->
        <test-method is-config="true" signature="tearDown()[pri:0, instance:tests.OrangeHRM_LoginTest@54e041a4]" started-at="2025-07-17T20:42:19 IST" name="tearDown" finished-at="2025-07-17T20:42:19 IST" duration-ms="389" status="PASS">
          <reporter-output>
          </reporter-output>
        </test-method> <!-- tearDown -->
        <test-method is-config="true" signature="setUp()[pri:0, instance:tests.OrangeHRM_LoginTest@54e041a4]" started-at="2025-07-17T20:42:19 IST" name="setUp" finished-at="2025-07-17T20:42:25 IST" duration-ms="6348" status="PASS">
          <reporter-output>
          </reporter-output>
        </test-method> <!-- setUp -->
        <test-method signature="loginLogoutTest(java.lang.String,java.lang.String)[pri:0, instance:tests.OrangeHRM_LoginTest@54e041a4]" started-at="2025-07-17T20:42:25 IST" name="loginLogoutTest" data-provider="loginData" finished-at="2025-07-17T20:42:31 IST" duration-ms="5613" status="PASS">
          <params>
            <param index="0">
              <value>
                <![CDATA[Demo]]>
              </value>
            </param>
            <param index="1">
              <value>
                <![CDATA[pass]]>
              </value>
            </param>
          </params>
          <reporter-output>
          </reporter-output>
        </test-method> <!-- loginLogoutTest -->
        <test-method is-config="true" signature="tearDown()[pri:0, instance:tests.OrangeHRM_LoginTest@54e041a4]" started-at="2025-07-17T20:42:31 IST" name="tearDown" finished-at="2025-07-17T20:42:31 IST" duration-ms="312" status="PASS">
          <reporter-output>
          </reporter-output>
        </test-method> <!-- tearDown -->
        <test-method is-config="true" signature="setUp()[pri:0, instance:tests.OrangeHRM_LoginTest@54e041a4]" started-at="2025-07-17T20:42:31 IST" name="setUp" finished-at="2025-07-17T20:42:41 IST" duration-ms="9174" status="PASS">
          <reporter-output>
          </reporter-output>
        </test-method> <!-- setUp -->
        <test-method signature="loginLogoutTest(java.lang.String,java.lang.String)[pri:0, instance:tests.OrangeHRM_LoginTest@54e041a4]" started-at="2025-07-17T20:42:41 IST" name="loginLogoutTest" data-provider="loginData" finished-at="2025-07-17T20:42:47 IST" duration-ms="6759" status="PASS">
          <params>
            <param index="0">
              <value>
                <![CDATA[Ishu]]>
              </value>
            </param>
            <param index="1">
              <value>
                <![CDATA[admin123]]>
              </value>
            </param>
          </params>
          <reporter-output>
          </reporter-output>
        </test-method> <!-- loginLogoutTest -->
        <test-method is-config="true" signature="tearDown()[pri:0, instance:tests.OrangeHRM_LoginTest@54e041a4]" started-at="2025-07-17T20:42:47 IST" name="tearDown" finished-at="2025-07-17T20:42:48 IST" duration-ms="354" status="PASS">
          <reporter-output>
          </reporter-output>
        </test-method> <!-- tearDown -->
        <test-method is-config="true" signature="setUp()[pri:0, instance:tests.OrangeHRM_LoginTest@54e041a4]" started-at="2025-07-17T20:42:48 IST" name="setUp" finished-at="2025-07-17T20:42:54 IST" duration-ms="6541" status="PASS">
          <reporter-output>
          </reporter-output>
        </test-method> <!-- setUp -->
        <test-method signature="loginLogoutTest(java.lang.String,java.lang.String)[pri:0, instance:tests.OrangeHRM_LoginTest@54e041a4]" started-at="2025-07-17T20:42:54 IST" name="loginLogoutTest" data-provider="loginData" finished-at="2025-07-17T20:43:03 IST" duration-ms="8639" status="PASS">
          <params>
            <param index="0">
              <value>
                <![CDATA[Admin]]>
              </value>
            </param>
            <param index="1">
              <value>
                <![CDATA[admin123]]>
              </value>
            </param>
          </params>
          <reporter-output>
          </reporter-output>
        </test-method> <!-- loginLogoutTest -->
        <test-method is-config="true" signature="tearDown()[pri:0, instance:tests.OrangeHRM_LoginTest@54e041a4]" started-at="2025-07-17T20:43:03 IST" name="tearDown" finished-at="2025-07-17T20:43:03 IST" duration-ms="415" status="PASS">
          <reporter-output>
          </reporter-output>
        </test-method> <!-- tearDown -->
        <test-method is-config="true" signature="setUp()[pri:0, instance:tests.OrangeHRM_LoginTest@54e041a4]" started-at="2025-07-17T20:43:03 IST" name="setUp" finished-at="2025-07-17T20:43:16 IST" duration-ms="12928" status="PASS">
          <reporter-output>
          </reporter-output>
        </test-method> <!-- setUp -->
        <test-method signature="loginLogoutTest(java.lang.String,java.lang.String)[pri:0, instance:tests.OrangeHRM_LoginTest@54e041a4]" started-at="2025-07-17T20:43:16 IST" name="loginLogoutTest" data-provider="loginData" finished-at="2025-07-17T20:43:24 IST" duration-ms="8078" status="PASS">
          <params>
            <param index="0">
              <value>
                <![CDATA[Test]]>
              </value>
            </param>
            <param index="1">
              <value>
                <![CDATA[wrong]]>
              </value>
            </param>
          </params>
          <reporter-output>
          </reporter-output>
        </test-method> <!-- loginLogoutTest -->
        <test-method is-config="true" signature="tearDown()[pri:0, instance:tests.OrangeHRM_LoginTest@54e041a4]" started-at="2025-07-17T20:43:24 IST" name="tearDown" finished-at="2025-07-17T20:43:25 IST" duration-ms="369" status="PASS">
          <reporter-output>
          </reporter-output>
        </test-method> <!-- tearDown -->
      </class> <!-- tests.OrangeHRM_LoginTest -->
    </test> <!-- LoginTests -->
  </suite> <!-- OrangeHRM1 Suite -->
</testng-results>
